2025-12-08 07:42:06 - Request received
Method: GET
POST data: Array
(
)

2025-12-08 08:06:26 - Request received
Method: POST
POST data: Array
(
    [name] => Ditio septian robbiansyah
    [email] => septianditio4@gmail.com
    [subject] => asdsaaaaaaaaaa
    [message] => sadasdasd
)

Name: Ditio septian robbiansyah, Email: septianditio4@gmail.com, Subject: asdsaaaaaaaaaa
Connecting to database...
Connected! Preparing statement...
Executing query...
SUCCESS! Data inserted with ID: 2
2025-12-08 08:08:25 - Request received
Method: POST
POST data: Array
(
    [name] => Ditio septian robbiansyah
    [email] => septianditio4@gmail.com
    [subject] => sada
    [message] => asdad
)

Name: Ditio septian robbiansyah, Email: septianditio4@gmail.com, Subject: sada
Connecting to database...
Connected! Preparing statement...
Executing query...
SUCCESS! Data inserted with ID: 3
2025-12-08 08:34:49 - REQUEST START
POST DATA: Array
(
    [name] => septian
    [email] => test@example.com
    [subject] => Test Messagesdfasfasf
    [message] => Ini adalah pesan test darasfasfasi form sederhana.
)

SERVER: Array
(
    [HTTP_HOST] => localhost
    [HTTP_CONNECTION] => keep-alive
    [CONTENT_LENGTH] => 509
    [HTTP_SEC_CH_UA_PLATFORM] => "Windows"
    [HTTP_USER_AGENT] => Mozilla/5.0 (Windows NT 10.0; Win64; x64) AppleWebKit/537.36 (KHTML, like Gecko) Chrome/143.0.0.0 Safari/537.36
    [HTTP_SEC_CH_UA] => "Google Chrome";v="143", "Chromium";v="143", "Not A(Brand";v="24"
    [CONTENT_TYPE] => multipart/form-data; boundary=----WebKitFormBoundaryPliSgUBAl4XhfXRC
    [HTTP_SEC_CH_UA_MOBILE] => ?0
    [HTTP_ACCEPT] => */*
    [HTTP_ORIGIN] => http://localhost
    [HTTP_SEC_FETCH_SITE] => same-origin
    [HTTP_SEC_FETCH_MODE] => cors
    [HTTP_SEC_FETCH_DEST] => empty
    [HTTP_REFERER] => http://localhost/arven-parfume/test_form.html
    [HTTP_ACCEPT_ENCODING] => gzip, deflate, br, zstd
    [HTTP_ACCEPT_LANGUAGE] => id-ID,id;q=0.9,en-GB;q=0.8,en;q=0.7,en-US;q=0.6
    [HTTP_COOKIE] => PHPSESSID=h7klv2hl1j9sjatbpmvirs9bnr
    [PATH] => C:\WINDOWS\system32;C:\WINDOWS;C:\WINDOWS\System32\Wbem;C:\WINDOWS\System32\WindowsPowerShell\v1.0\;C:\WINDOWS\System32\OpenSSH\;C:\Program Files\dotnet\;C:\Program Files\nodejs\;C:\Program Files\MySQL\MySQL Shell 8.0\bin\;C:\Users\Acer\AppData\Local\Programs\Python\Launcher\;C:\Users\Acer\AppData\Local\Microsoft\WindowsApps;C:\Users\Acer\AppData\Local\Programs\Microsoft VS Code\bin;C:\MinGW\bin;C:\Users\Acer\AppData\Local\Programs\Python\Python312;C:\Users\Acer\AppData\Local\Programs\Python\Python312\Scripts;C:\Users\Acer\.dotnet\tools;C:\Users\Acer\AppData\Roaming\npm
    [SystemRoot] => C:\WINDOWS
    [COMSPEC] => C:\WINDOWS\system32\cmd.exe
    [PATHEXT] => .COM;.EXE;.BAT;.CMD;.VBS;.VBE;.JS;.JSE;.WSF;.WSH;.MSC
    [WINDIR] => C:\WINDOWS
    [SERVER_SIGNATURE] => 
    [SERVER_SOFTWARE] => Apache/2.4.54 (Win64) OpenSSL/1.1.1q PHP/8.3.28
    [SERVER_NAME] => localhost
    [SERVER_ADDR] => ::1
    [SERVER_PORT] => 80
    [REMOTE_ADDR] => ::1
    [DOCUMENT_ROOT] => C:/laragon/www
    [REQUEST_SCHEME] => http
    [CONTEXT_PREFIX] => 
    [CONTEXT_DOCUMENT_ROOT] => C:/laragon/www
    [SERVER_ADMIN] => admin@example.com
    [SCRIPT_FILENAME] => C:/laragon/www/arven-parfume/submit_contact.php
    [REMOTE_PORT] => 63511
    [GATEWAY_INTERFACE] => CGI/1.1
    [SERVER_PROTOCOL] => HTTP/1.1
    [REQUEST_METHOD] => POST
    [QUERY_STRING] => 
    [REQUEST_URI] => /arven-parfume/submit_contact.php
    [SCRIPT_NAME] => /arven-parfume/submit_contact.php
    [PHP_SELF] => /arven-parfume/submit_contact.php
    [REQUEST_TIME_FLOAT] => 1765182889.6961
    [REQUEST_TIME] => 1765182889
)

Masuk try block...
Data diterima:
Name: septian
Email: test@example.com
Subject: Test Messagesdfasfasf
Message: Ini adalah pesan test darasfasfasi form sederhana.
Validasi input OK
Validasi email OK
IP Address: ::1
Mencoba koneksi database...
Koneksi database OK
Membuat prepared statement...
Prepared statement OK
Bind param OK
Executing query...
✅ SUCCESS! Insert ID: 6
REQUEST END

