2025-12-08 08:49:43 - === SCRIPT STARTED ===
2025-12-08 08:49:43 - Method: POST
2025-12-08 08:49:43 - POST data: Array
(
    [name] => Test UserSADASD
    [email] => test@test.com
    [subject] => TestASDSA
    [message] => Test messageASDASDASDASDASD
)

2025-12-08 08:49:43 - Method check: OK
2025-12-08 08:49:43 - db.php exists: OK
2025-12-08 08:49:43 - db.php included: OK
2025-12-08 08:49:43 - Name: Test UserSADASD
2025-12-08 08:49:43 - Email: test@test.com
2025-12-08 08:49:43 - Subject: TestASDSA
2025-12-08 08:49:43 - Message: Test messageASDASDASDASDASD
2025-12-08 08:49:43 - Validation: OK
2025-12-08 08:49:43 - IP: ::1
2025-12-08 08:49:43 - Connecting to database...
2025-12-08 08:49:43 - Database connected: OK
2025-12-08 08:49:43 - Preparing statement...
2025-12-08 08:49:43 - Statement prepared: OK
2025-12-08 08:49:43 - Binding parameters...
2025-12-08 08:49:43 - Parameters bound: OK
2025-12-08 08:49:43 - Executing query...
2025-12-08 08:49:43 - INSERT SUCCESS! ID: 8
2025-12-08 08:49:43 - === SCRIPT SUCCESS ===
2025-12-08 08:49:43 - === SCRIPT END ===
